app/proguard/mapping.txt
# compiler: R8
# compiler_version: 1.4.94
# min_api: 19
com.soulter.floatgame.MainActivity -> com.soulter.floatgame.MainActivity:
    androidx.cardview.widget.CardView mySetin -> w
    com.soulter.floatgame.MainActivity$PicTask picTask -> z
    androidx.cardview.widget.CardView myCV2 -> v
    com.soulter.floatgame.MainActivity$PicWinTask picWinTask -> A
    androidx.cardview.widget.CardView myCV1 -> u
    com.google.android.material.floatingactionbutton.FloatingActionButton fab -> t
    androidx.viewpager.widget.ViewPager viewPager -> D
    com.soulter.floatgame.MainActivity$MyTask mtask -> y
    androidx.cardview.widget.CardView myBack -> x
    com.google.android.material.appbar.AppBarLayout barLayout -> G
    android.content.Intent servIntent -> H
    java.util.List setinList -> F
    java.util.List viewList -> E
    android.view.View setinView -> C
    android.view.View mainView -> B
    int fabTAG -> s
    java.lang.String[] PERMISSIONS_STORAGE -> r
    java.util.List access$000(com.soulter.floatgame.MainActivity) -> a
    int access$302(com.soulter.floatgame.MainActivity,int) -> a
    android.graphics.Bitmap bmpCompresser(java.lang.String,int) -> a
    void bmpSaver(android.graphics.Bitmap,java.lang.String) -> a
    boolean fileIsExists(java.lang.String) -> a
    android.graphics.Bitmap toRoundBitmap(android.graphics.Bitmap) -> a
    void access$100(com.soulter.floatgame.MainActivity) -> b
    com.google.android.material.appbar.AppBarLayout access$1200(com.soulter.floatgame.MainActivity) -> c
com.soulter.floatgame.MainActivity$1 -> c.c.a.d:
    com.soulter.floatgame.MainActivity this$0 -> a
    void destroyItem(android.view.ViewGroup,int,java.lang.Object) -> a
    int getCount() -> a
    boolean isViewFromObject(android.view.View,java.lang.Object) -> a
com.soulter.floatgame.MainActivity$10 -> c.c.a.a:
com.soulter.floatgame.MainActivity$11 -> c.c.a.b:
    com.soulter.floatgame.MainActivity this$0 -> a
com.soulter.floatgame.MainActivity$12 -> c.c.a.c:
    com.soulter.floatgame.MainActivity this$0 -> a
com.soulter.floatgame.MainActivity$2 -> c.c.a.g:
    com.soulter.floatgame.MainActivity this$0 -> a
    1:1:androidx.appcompat.app.AlertDialog$Builder androidx.appcompat.app.AlertDialog$Builder.setTitle(java.lang.CharSequence):0:0 -> onItemClick
    1:1:void onItemClick(android.widget.AdapterView,android.view.View,int,long):0 -> onItemClick
    2:2:androidx.appcompat.app.AlertDialog$Builder androidx.appcompat.app.AlertDialog$Builder.setView(android.view.View):0:0 -> onItemClick
    2:2:void onItemClick(android.widget.AdapterView,android.view.View,int,long):0 -> onItemClick
    3:3:void onItemClick(android.widget.AdapterView,android.view.View,int,long):0:0 -> onItemClick
    4:4:androidx.appcompat.app.AlertDialog$Builder androidx.appcompat.app.AlertDialog$Builder.setPositiveButton(java.lang.CharSequence,android.content.DialogInterface$OnClickListener):0:0 -> onItemClick
    4:4:void onItemClick(android.widget.AdapterView,android.view.View,int,long):0 -> onItemClick
    5:5:void onItemClick(android.widget.AdapterView,android.view.View,int,long):0:0 -> onItemClick
    6:6:androidx.appcompat.app.AlertDialog$Builder androidx.appcompat.app.AlertDialog$Builder.setNegativeButton(java.lang.CharSequence,android.content.DialogInterface$OnClickListener):0:0 -> onItemClick
    6:6:void onItemClick(android.widget.AdapterView,android.view.View,int,long):0 -> onItemClick
com.soulter.floatgame.MainActivity$2$1 -> c.c.a.e:
com.soulter.floatgame.MainActivity$2$2 -> c.c.a.f:
    com.soulter.floatgame.MainActivity$2 this$1 -> c
    android.widget.EditText val$editAlpha2 -> b
    android.widget.EditText val$editAlpha1 -> a
com.soulter.floatgame.MainActivity$3 -> c.c.a.h:
    com.soulter.floatgame.MainActivity this$0 -> a
com.soulter.floatgame.MainActivity$4 -> c.c.a.i:
    com.soulter.floatgame.MainActivity this$0 -> a
com.soulter.floatgame.MainActivity$5 -> c.c.a.j:
    com.soulter.floatgame.MainActivity this$0 -> a
...
androidx.cursoradapter.widget.CursorAdapter -> b.h.a.a:
    android.database.Cursor mCursor -> c
    androidx.cursoradapter.widget.CursorFilter mCursorFilter -> h
    androidx.cursoradapter.widget.CursorAdapter$ChangeObserver mChangeObserver -> f
    android.database.DataSetObserver mDataSetObserver -> g
    int mRowIDColumn -> e
    boolean mDataValid -> a
    boolean mAutoRequery -> b
    android.content.Context mContext -> d
    1:1:void init(android.content.Context,android.database.Cursor,int):0:0 -> <init>
    1:1:void <init>(android.content.Context,android.database.Cursor,boolean):0 -> <init>
    void bindView(android.view.View,android.content.Context,android.database.Cursor) -> a
    1:1:android.database.Cursor swapCursor(android.database.Cursor):0:0 -> a
    1:1:void changeCursor(android.database.Cursor):0 -> a
    2:2:void changeCursor(android.database.Cursor):0:0 -> a
    android.view.View newView(android.content.Context,android.database.Cursor,android.view.ViewGroup) -> a
    java.lang.CharSequence convertToString(android.database.Cursor) -> b
    1:1:android.view.View androidx.cursoradapter.widget.ResourceCursorAdapter.newDropDownView(android.content.Context,android.database.Cursor,android.view.ViewGroup):0:0 -> getDropDownView
    1:1:android.view.View getDropDownView(int,android.view.View,android.view.ViewGroup):0 -> getDropDownView
    2:2:android.view.View getDropDownView(int,android.view.View,android.view.ViewGroup):0:0 -> getDropDownView
androidx.cursoradapter.widget.CursorAdapter$ChangeObserver -> b.h.a.a$a:
    androidx.cursoradapter.widget.CursorAdapter this$0 -> a
    1:1:void androidx.cursoradapter.widget.CursorAdapter.onContentChanged():0:0 -> onChange
    1:1:void onChange(boolean):0 -> onChange
androidx.cursoradapter.widget.CursorAdapter$MyDataSetObserver -> b.h.a.a$b:
    androidx.cursoradapter.widget.CursorAdapter this$0 -> a
androidx.cursoradapter.widget.CursorFilter -> b.h.a.b:
    androidx.cursoradapter.widget.CursorFilter$CursorFilterClient mClient -> a
    1:1:android.database.Cursor androidx.cursoradapter.widget.CursorAdapter.getCursor():0:0 -> publishResults
    1:1:void publishResults(java.lang.CharSequence,android.widget.Filter$FilterResults):0 -> publishResults
    2:2:void publishResults(java.lang.CharSequence,android.widget.Filter$FilterResults):0:0 -> publishResults
androidx.cursoradapter.widget.CursorFilter$CursorFilterClient -> b.h.a.b$a:
androidx.cursoradapter.widget.ResourceCursorAdapter -> b.h.a.c:
    int mDropDownLayout -> j
    int mLayout -> i
    android.view.LayoutInflater mInflater -> k
    android.view.View newView(android.content.Context,android.database.Cursor,android.view.ViewGroup) -> a
androidx.customview.view.AbsSavedState -> b.i.a.c:
    android.os.Parcelable mSuperState -> b
    androidx.customview.view.AbsSavedState EMPTY_STATE -> a
    1:1:void <init>():0:0 -> <init>
    1:1:void <init>(androidx.customview.view.AbsSavedState$1):0 -> <init>
androidx.customview.view.AbsSavedState$1 -> b.i.a.a:
androidx.customview.view.AbsSavedState$2 -> b.i.a.b:
    1:1:androidx.customview.view.AbsSavedState createFromParcel(android.os.Parcel):0:0 -> createFromParcel
    1:1:java.lang.Object createFromParcel(android.os.Parcel):0 -> createFromParcel
    2:2:androidx.customview.view.AbsSavedState createFromParcel(android.os.Parcel,java.lang.ClassLoader):0:0 -> createFromParcel
    2:2:java.lang.Object createFromParcel(android.os.Parcel,java.lang.ClassLoader):0 -> createFromParcel
    1:1:androidx.customview.view.AbsSavedState[] newArray(int):0:0 -> newArray
    1:1:java.lang.Object[] newArray(int):0 -> newArray